<?xml version="1.0" encoding="UTF-8"?>
<!-- Generated by org.testng.reporters.JUnitReportReporter -->
<testsuite skipped="0" hostname="mkarthik-WX-3" name="test.TestPhpSite" tests="1" failures="0" timestamp="12 Dec 2020 06:21:26 GMT" time="7.984" errors="0">
  <testcase name="openAndVerifySite" time="7.984" classname="test.TestPhpSite"/>
</testsuite> <!-- test.TestPhpSite -->
